umc_felix/app/build/intermediates/manifest_merge_blame_file/debug/manifest-merger-blame-debug-report.txt
1<?xml version="1.0" encoding="utf-8"?>
2<manifest xmlns:android="http://schemas.android.com/apk/res/android"
3    package="com.example.flo"
4    android:versionCode="1"
5    android:versionName="1.0" >
6
7    <uses-sdk
8        android:minSdkVersion="21"
8-->src\main\AndroidManifest.xml
9        android:targetSdkVersion="31" />
9-->src\main\AndroidManifest.xml
10
11    <uses-permission android:name="android.permission.FOREGROUND_SERVICE" />
11-->src\main\AndroidManifest.xml:5:5-77
11-->src\main\AndroidManifest.xml:5:22-74
12
13    <application
13-->src\main\AndroidManifest.xml:7:5-37:19
14        android:allowBackup="true"
14-->src\main\AndroidManifest.xml:8:9-35
15        android:appComponentFactory="androidx.core.app.CoreComponentFactory"
15-->[androidx.core:core:1.7.0] AndroidManifest.xml:24:18-86
16        android:debuggable="true"
17        android:icon="@mipmap/ic_launcher"
17-->src\main\AndroidManifest.xml:9:9-43
18        android:label="@string/app_name"
18-->src\main\AndroidManifest.xml:10:9-41
19        android:roundIcon="@mipmap/ic_launcher_round"
19-->src\main\AndroidManifest.xml:11:9-54
20        android:supportsRtl="true"
20-->src\main\AndroidManifest.xml:12:9-35
21        android:testOnly="true"
22        android:theme="@style/Theme.FLO" >
22-->src\main\AndroidManifest.xml:13:9-41
23        <service
23-->src\main\AndroidManifest.xml:14:9-17:47
24            android:name="com.example.flo.ForeGround"
24-->src\main\AndroidManifest.xml:15:13-39
25            android:enabled="true"
25-->src\main\AndroidManifest.xml:16:13-35
26            android:exported="true" />
26-->src\main\AndroidManifest.xml:17:13-36
27
28        <activity
28-->src\main\AndroidManifest.xml:19:9-27:20
29            android:name="com.example.flo.MainActivity"
29-->src\main\AndroidManifest.xml:20:13-41
30            android:exported="true" >
30-->src\main\AndroidManifest.xml:21:13-36
31            <intent-filter>
31-->src\main\AndroidManifest.xml:22:13-26:29
32                <action android:name="android.intent.action.MAIN" />
32-->src\main\AndroidManifest.xml:23:17-69
32-->src\main\AndroidManifest.xml:23:25-66
33
34                <category android:name="android.intent.category.LAUNCHER" />
34-->src\main\AndroidManifest.xml:25:17-77
34-->src\main\AndroidManifest.xml:25:27-74
35            </intent-filter>
36        </activity>
37        <activity
37-->src\main\AndroidManifest.xml:28:9-30:39
38            android:name="com.example.flo.SongActivity"
38-->src\main\AndroidManifest.xml:29:13-41
39            android:exported="true" />
39-->src\main\AndroidManifest.xml:30:13-36
40        <activity
40-->src\main\AndroidManifest.xml:31:9-33:39
41            android:name="com.example.flo.forLogin.LoginActivity"
41-->src\main\AndroidManifest.xml:32:13-51
42            android:exported="true" />
42-->src\main\AndroidManifest.xml:33:13-36
43        <activity
43-->src\main\AndroidManifest.xml:34:9-36:39
44            android:name="com.example.flo.forLogin.SignUpActivity"
44-->src\main\AndroidManifest.xml:35:13-52
45            android:exported="true" />
45-->src\main\AndroidManifest.xml:36:13-36
46
47        <service
47-->[androidx.room:room-runtime:2.4.1] AndroidManifest.xml:25:9-28:40
48            android:name="androidx.room.MultiInstanceInvalidationService"
48-->[androidx.room:room-runtime:2.4.1] AndroidManifest.xml:26:13-74
49            android:directBootAware="true"
49-->[androidx.room:room-runtime:2.4.1] AndroidManifest.xml:27:13-43
50            android:exported="false" />
50-->[androidx.room:room-runtime:2.4.1] AndroidManifest.xml:28:13-37
51
52        <provider
52-->[androidx.emoji2:emoji2:1.0.0] AndroidManifest.xml:26:9-34:20
53            android:name="androidx.startup.InitializationProvider"
53-->[androidx.emoji2:emoji2:1.0.0] AndroidManifest.xml:27:13-67
54            android:authorities="com.example.flo.androidx-startup"
54-->[androidx.emoji2:emoji2:1.0.0] AndroidManifest.xml:28:13-68
55            android:exported="false" >
55-->[androidx.emoji2:emoji2:1.0.0] AndroidManifest.xml:29:13-37
56            <meta-data
56-->[androidx.emoji2:emoji2:1.0.0] AndroidManifest.xml:31:13-33:52
57                android:name="androidx.emoji2.text.EmojiCompatInitializer"
57-->[androidx.emoji2:emoji2:1.0.0] AndroidManifest.xml:32:17-75
58                android:value="androidx.startup" />
58-->[androidx.emoji2:emoji2:1.0.0] AndroidManifest.xml:33:17-49
59            <meta-data
59-->[androidx.lifecycle:lifecycle-process:2.4.0] AndroidManifest.xml:31:13-33:52
60                android:name="androidx.lifecycle.ProcessLifecycleInitializer"
60-->[androidx.lifecycle:lifecycle-process:2.4.0] AndroidManifest.xml:32:17-78
61                android:value="androidx.startup" />
61-->[androidx.lifecycle:lifecycle-process:2.4.0] AndroidManifest.xml:33:17-49
62        </provider>
63    </application>
64
65</manifest>